1  0 2 shofixti/shoicons.ani
1  0 4 shofixti/shotext.txt
1  0 8 shofixti/shofixti.cod
1  1 2 shofixti/shomicon.ani
2  2 2 shofixti/shofixti.big
2  3 2 shofixti/shofixti.med
2  4 2 shofixti/shofixti.sml
2  5 2 shofixti/destruct.big
2  6 2 shofixti/destruct.med
2  7 2 shofixti/destruct.sml
2  8 2 shofixti/shocap.ani
3  9 2 shofixti/oldshof.big
3 10 2 shofixti/oldshof.med
3 11 2 shofixti/oldshof.sml
3 12 2 shofixti/oldcap.ani
4  0 5 shofixti/shosound.snd
4  0 6 shofixti/shoditty.mod
4 13 2 shofixti/missile.big
4 14 2 shofixti/missile.med
4 15 2 shofixti/missile.sml
